#-----------------------------------------------------------
# Vivado v2018.3 (64-bit)
# SW Build 2405991 on Thu Dec  6 23:38:27 MST 2018
# IP Build 2404404 on Fri Dec  7 01:43:56 MST 2018
# Start of session at: Tue Mar 26 10:32:59 2019
# Process ID: 888
# Current directory: C:/Users/vhdl0/Documents/ldis_task1/_DAFR_/vivado
# Command line: vivado.exe -gui_launcher_event rodinguilauncherevent2956 C:\Users\vhdl0\Documents\ldis_task1\_DAFR_\vivado\ldis_task1_DAFR.xpr
# Log file: C:/Users/vhdl0/Documents/ldis_task1/_DAFR_/vivado/vivado.log
# Journal file: C:/Users/vhdl0/Documents/ldis_task1/_DAFR_/vivado\vivado.jou
#-----------------------------------------------------------
start_gui
open_project C:/Users/vhdl0/Documents/ldis_task1/_DAFR_/vivado/ldis_task1_DAFR.xpr
Scanning sources...
Finished scanning sources
INFO: [IP_Flow 19-234] Refreshing IP repositories
INFO: [IP_Flow 19-1704] No user IP repositories specified
INFO: [IP_Flow 19-2313] Loaded Vivado IP repository 'C:/Xilinx/Vivado/2018.3/data/ip'.
open_project: Time (s): cpu = 00:00:13 ; elapsed = 00:00:07 . Memory (MB): peak = 753.969 ; gain = 144.371
ipx::open_ipxact_file c:/Xilinx/Vivado/2018.3/data/ip/interfaces/spi_v1_0/spi.xml
create_bd_design "ldis_task1_bd"
Wrote  : <C:\Users\vhdl0\Documents\ldis_task1\_DAFR_\vivado\ldis_task1_DAFR.srcs\sources_1\bd\ldis_task1_bd\ldis_task1_bd.bd> 
update_compile_order -fileset sources_1
exit
INFO: [Common 17-206] Exiting Vivado at Tue Mar 26 11:32:03 2019...
